<?xml version="1.0" encoding="UTF-8"?>
<!-- Generated by org.testng.reporters.JUnitReportReporter -->
<testsuite hostname="Rajkumar-M" failures="0" tests="1" name="testcases.Tc_002_LoginPage" time="6.099" errors="0" timestamp="2024-10-30T12:14:58 IST" skipped="0">
  <testcase classname="testcases.Tc_002_LoginPage" name="testLoginFunctionality" time="6.099"/>
</testsuite> <!-- testcases.Tc_002_LoginPage -->
