<?xml version="1.0" encoding="UTF-8"?>
<!-- Generated by org.testng.reporters.JUnitReportReporter -->
<testsuite hostname="Rajkumar-M" failures="0" tests="1" name="testcases.Tc_001_AccountRegistration" time="5.270" errors="0" timestamp="2024-10-29T22:32:23 IST" skipped="0">
  <testcase classname="testcases.Tc_001_AccountRegistration" name="test" time="5.270"/>
</testsuite> <!-- testcases.Tc_001_AccountRegistration -->
