<?xml version="1.0" encoding="UTF-8"?>
<!-- Generated by org.testng.reporters.JUnitReportReporter -->
<testsuite hostname="Rajkumar-M" failures="0" tests="1" name="testcases.Tc_001_Account_Registration_DP" time="5.604" errors="0" timestamp="2024-10-29T23:39:44 IST" skipped="0">
  <testcase classname="testcases.Tc_001_Account_Registration_DP" name="test" time="5.604"/>
</testsuite> <!-- testcases.Tc_001_Account_Registration_DP -->
