<?xml version="1.0" encoding="UTF-8"?>
<!-- Generated by org.testng.reporters.JUnitReportReporter -->
<testsuite hostname="Rajkumar-M" failures="0" tests="1" name="testcases.Tc_004_SearchBox_Functionality" time="2.953" errors="0" timestamp="2024-10-30T12:35:21 IST" skipped="0">
  <testcase classname="testcases.Tc_004_SearchBox_Functionality" name="test" time="2.953"/>
</testsuite> <!-- testcases.Tc_004_SearchBox_Functionality -->
