<?xml version="1.0" encoding="UTF-8"?>
<!-- Generated by org.testng.reporters.JUnitReportReporter -->
<testsuite hostname="Rajkumar-M" failures="0" tests="1" name="testcases.Tc_005_Header" time="4.898" errors="0" timestamp="2024-10-30T21:19:41 IST" skipped="0">
  <testcase classname="testcases.Tc_005_Header" name="test" time="4.898"/>
</testsuite> <!-- testcases.Tc_005_Header -->
