<?xml version="1.0" encoding="UTF-8"?>
<!-- Generated by org.testng.reporters.JUnitReportReporter -->
<testsuite hostname="Rajkumar-M" failures="0" tests="1" name="testcases.Tc_001_AccountRegistration" time="4.489" errors="0" timestamp="2025-01-20T09:54:11 IST" skipped="0">
  <testcase classname="testcases.Tc_001_AccountRegistration" name="test" time="4.489"/>
</testsuite> <!-- testcases.Tc_001_AccountRegistration -->
