<?xml version="1.0" encoding="UTF-8"?>
<!-- Generated by org.testng.reporters.JUnitReportReporter -->
<testsuite hostname="Rajkumar-M" failures="0" tests="1" name="testcases.Tc_001_AccountRegistration" time="5.481" errors="0" timestamp="2024-10-30T21:11:58 IST" skipped="0">
  <testcase classname="testcases.Tc_001_AccountRegistration" name="test" time="5.481"/>
</testsuite> <!-- testcases.Tc_001_AccountRegistration -->
