<?xml version="1.0" encoding="UTF-8"?>
<!-- Generated by org.testng.reporters.JUnitReportReporter -->
<testsuite hostname="Rajkumar-M" failures="0" tests="1" name="testcases.Tc_006_AddToCart" time="0.821" errors="0" timestamp="2025-01-20T13:19:42 IST" skipped="0">
  <testcase classname="testcases.Tc_006_AddToCart" name="testAddtoCartFunctionalitywithoutLogin" time="0.821"/>
</testsuite> <!-- testcases.Tc_006_AddToCart -->
