<?xml version="1.0" encoding="UTF-8"?>
<!-- Generated by org.testng.reporters.JUnitReportReporter -->
<testsuite hostname="Rajkumar-M" failures="0" tests="1" name="testcases.Tc_002_LoginPage" time="5.021" errors="0" timestamp="2025-01-20T11:18:35 IST" skipped="0">
  <testcase classname="testcases.Tc_002_LoginPage" name="testLoginFunctionality" time="5.021"/>
</testsuite> <!-- testcases.Tc_002_LoginPage -->
