<?xml version="1.0" encoding="UTF-8"?>
<!-- Generated by org.testng.reporters.JUnitReportReporter -->
<testsuite hostname="Rajkumar-M" failures="0" tests="1" name="testcases.Tc_001_AccountRegistration" time="5.101" errors="0" timestamp="2024-11-01T11:05:51 IST" skipped="0">
  <testcase classname="testcases.Tc_001_AccountRegistration" name="test" time="5.101"/>
</testsuite> <!-- testcases.Tc_001_AccountRegistration -->
